[debug] [2024-02-19T13:59:56.866Z] ----------------------------------------------------------------------
[debug] [2024-02-19T13:59:56.868Z] Command:       /Users/rishat/.nvm/versions/node/v18.19.0/bin/node /Users/rishat/.nvm/versions/node/v18.19.0/bin/firebase deploy --only hosting
[debug] [2024-02-19T13:59:56.868Z] CLI Version:   12.1.0
[debug] [2024-02-19T13:59:56.869Z] Platform:      darwin
[debug] [2024-02-19T13:59:56.870Z] Node Version:  v18.19.0
[debug] [2024-02-19T13:59:56.872Z] Time:          Mon Feb 19 2024 16:59:56 GMT+0300 (Moscow Standard Time)
[debug] [2024-02-19T13:59:56.872Z] ----------------------------------------------------------------------
[debug] 
[debug] [2024-02-19T13:59:56.992Z] > command requires scopes: ["email","openid","https://www.googleapis.com/auth/cloudplatformprojects.readonly","https://www.googleapis.com/auth/firebase","https://www.googleapis.com/auth/cloud-platform"]
[debug] [2024-02-19T13:59:56.993Z] > authorizing via signed-in user (rsht123g@gmail.com)
[debug] [2024-02-19T13:59:56.994Z] [iam] checking project jozani-project for permissions ["firebase.projects.get","firebasehosting.sites.update"]
[debug] [2024-02-19T13:59:56.996Z] >>> [apiv2][query] POST https://cloudresourcemanager.googleapis.com/v1/projects/jozani-project:testIamPermissions [none]
[debug] [2024-02-19T13:59:56.996Z] >>> [apiv2][(partial)header] POST https://cloudresourcemanager.googleapis.com/v1/projects/jozani-project:testIamPermissions x-goog-quota-user=projects/jozani-project
[debug] [2024-02-19T13:59:56.997Z] >>> [apiv2][body] POST https://cloudresourcemanager.googleapis.com/v1/projects/jozani-project:testIamPermissions {"permissions":["firebase.projects.get","firebasehosting.sites.update"]}
[debug] [2024-02-19T13:59:58.019Z] <<< [apiv2][status] POST https://cloudresourcemanager.googleapis.com/v1/projects/jozani-project:testIamPermissions 200
[debug] [2024-02-19T13:59:58.024Z] <<< [apiv2][body] POST https://cloudresourcemanager.googleapis.com/v1/projects/jozani-project:testIamPermissions {"permissions":["firebase.projects.get","firebasehosting.sites.update"]}
[debug] [2024-02-19T13:59:58.029Z] >>> [apiv2][query] GET https://firebase.googleapis.com/v1beta1/projects/jozani-project [none]
[debug] [2024-02-19T13:59:58.492Z] <<< [apiv2][status] GET https://firebase.googleapis.com/v1beta1/projects/jozani-project 200
[debug] [2024-02-19T13:59:58.494Z] <<< [apiv2][body] GET https://firebase.googleapis.com/v1beta1/projects/jozani-project {"projectId":"jozani-project","projectNumber":"349358848836","displayName":"Jozani","name":"projects/jozani-project","resources":{"hostingSite":"jozani-project"},"state":"ACTIVE","etag":"1_f13f8005-8fbb-427d-8ced-7d31ad729d55"}
[debug] [2024-02-19T14:00:01.645Z] >>> [apiv2][query] GET https://firebasehosting.googleapis.com/v1beta1/projects/jozani-project/sites pageToken=&pageSize=10
[debug] [2024-02-19T14:00:02.878Z] <<< [apiv2][status] GET https://firebasehosting.googleapis.com/v1beta1/projects/jozani-project/sites 200
[debug] [2024-02-19T14:00:02.882Z] <<< [apiv2][body] GET https://firebasehosting.googleapis.com/v1beta1/projects/jozani-project/sites {"sites":[{"name":"projects/jozani-project/sites/jozani-project","defaultUrl":"https://jozani-project.web.app","type":"DEFAULT_SITE"}]}
[debug] [2024-02-19T14:00:02.884Z] >>> [apiv2][query] GET https://firebasehosting.googleapis.com/v1beta1/projects/jozani-project/sites 
[debug] [2024-02-19T14:00:04.070Z] <<< [apiv2][status] GET https://firebasehosting.googleapis.com/v1beta1/projects/jozani-project/sites 200
[debug] [2024-02-19T14:00:04.074Z] <<< [apiv2][body] GET https://firebasehosting.googleapis.com/v1beta1/projects/jozani-project/sites {"sites":[{"name":"projects/jozani-project/sites/jozani-project","defaultUrl":"https://jozani-project.web.app","type":"DEFAULT_SITE"}]}
[debug] [2024-02-19T14:00:04.075Z] >>> [apiv2][query] GET https://firebase.googleapis.com/v1beta1/projects/jozani-project/webApps/-/config [none]
[debug] [2024-02-19T14:00:04.948Z] <<< [apiv2][status] GET https://firebase.googleapis.com/v1beta1/projects/jozani-project/webApps/-/config 200
[debug] [2024-02-19T14:00:04.949Z] <<< [apiv2][body] GET https://firebase.googleapis.com/v1beta1/projects/jozani-project/webApps/-/config {"projectId":"jozani-project","appId":"1:349358848836:web:06def818cbc7884f0f3511","storageBucket":"jozani-project.appspot.com","apiKey":"AIzaSyCzkutGKAd3IH7BDaSUqofeQ0Qtysrgs_4","authDomain":"jozani-project.firebaseapp.com","messagingSenderId":"349358848836","measurementId":"G-TCVPKXYQ8J"}
[debug] [2024-02-19T14:00:49.809Z] TypeError: Cannot destructure property 'customConfig' of '(intermediate value)(intermediate value)(intermediate value)' as it is null.
    at loadConfig (/Users/rishat/Documents/dev/tatarlab/jozani/node_modules/next/dist/server/config.js:621:41)
    at getConfig (/Users/rishat/.nvm/versions/node/v18.19.0/lib/node_modules/firebase-tools/lib/frameworks/next/index.js:385:28)
    at build (/Users/rishat/.nvm/versions/node/v18.19.0/lib/node_modules/firebase-tools/lib/frameworks/next/index.js:61:56)
    at async prepareFrameworks (/Users/rishat/.nvm/versions/node/v18.19.0/lib/node_modules/firebase-tools/lib/frameworks/index.js:207:122)
    at async deploy (/Users/rishat/.nvm/versions/node/v18.19.0/lib/node_modules/firebase-tools/lib/deploy/index.js:55:13)
[error] 
[error] Error: An unexpected error has occurred.
[debug] [2024-02-19T14:01:20.691Z] ----------------------------------------------------------------------
[debug] [2024-02-19T14:01:20.693Z] Command:       /Users/rishat/.nvm/versions/node/v18.19.0/bin/node /Users/rishat/.nvm/versions/node/v18.19.0/bin/firebase deploy --only hosting
[debug] [2024-02-19T14:01:20.693Z] CLI Version:   12.1.0
[debug] [2024-02-19T14:01:20.694Z] Platform:      darwin
[debug] [2024-02-19T14:01:20.695Z] Node Version:  v18.19.0
[debug] [2024-02-19T14:01:20.697Z] Time:          Mon Feb 19 2024 17:01:20 GMT+0300 (Moscow Standard Time)
[debug] [2024-02-19T14:01:20.697Z] ----------------------------------------------------------------------
[debug] 
[debug] [2024-02-19T14:01:20.817Z] > command requires scopes: ["email","openid","https://www.googleapis.com/auth/cloudplatformprojects.readonly","https://www.googleapis.com/auth/firebase","https://www.googleapis.com/auth/cloud-platform"]
[debug] [2024-02-19T14:01:20.818Z] > authorizing via signed-in user (rsht123g@gmail.com)
[debug] [2024-02-19T14:01:20.819Z] [iam] checking project jozani-project for permissions ["firebase.projects.get","firebasehosting.sites.update"]
[debug] [2024-02-19T14:01:20.821Z] >>> [apiv2][query] POST https://cloudresourcemanager.googleapis.com/v1/projects/jozani-project:testIamPermissions [none]
[debug] [2024-02-19T14:01:20.822Z] >>> [apiv2][(partial)header] POST https://cloudresourcemanager.googleapis.com/v1/projects/jozani-project:testIamPermissions x-goog-quota-user=projects/jozani-project
[debug] [2024-02-19T14:01:20.822Z] >>> [apiv2][body] POST https://cloudresourcemanager.googleapis.com/v1/projects/jozani-project:testIamPermissions {"permissions":["firebase.projects.get","firebasehosting.sites.update"]}
[debug] [2024-02-19T14:01:21.923Z] <<< [apiv2][status] POST https://cloudresourcemanager.googleapis.com/v1/projects/jozani-project:testIamPermissions 200
[debug] [2024-02-19T14:01:21.928Z] <<< [apiv2][body] POST https://cloudresourcemanager.googleapis.com/v1/projects/jozani-project:testIamPermissions {"permissions":["firebase.projects.get","firebasehosting.sites.update"]}
[debug] [2024-02-19T14:01:21.933Z] >>> [apiv2][query] GET https://firebase.googleapis.com/v1beta1/projects/jozani-project [none]
[debug] [2024-02-19T14:01:22.578Z] <<< [apiv2][status] GET https://firebase.googleapis.com/v1beta1/projects/jozani-project 200
[debug] [2024-02-19T14:01:22.581Z] <<< [apiv2][body] GET https://firebase.googleapis.com/v1beta1/projects/jozani-project {"projectId":"jozani-project","projectNumber":"349358848836","displayName":"Jozani","name":"projects/jozani-project","resources":{"hostingSite":"jozani-project"},"state":"ACTIVE","etag":"1_f13f8005-8fbb-427d-8ced-7d31ad729d55"}
[debug] [2024-02-19T14:01:25.626Z] >>> [apiv2][query] GET https://firebasehosting.googleapis.com/v1beta1/projects/jozani-project/sites pageToken=&pageSize=10
[debug] [2024-02-19T14:01:26.790Z] <<< [apiv2][status] GET https://firebasehosting.googleapis.com/v1beta1/projects/jozani-project/sites 200
[debug] [2024-02-19T14:01:26.793Z] <<< [apiv2][body] GET https://firebasehosting.googleapis.com/v1beta1/projects/jozani-project/sites {"sites":[{"name":"projects/jozani-project/sites/jozani-project","defaultUrl":"https://jozani-project.web.app","type":"DEFAULT_SITE"}]}
[debug] [2024-02-19T14:01:26.796Z] >>> [apiv2][query] GET https://firebasehosting.googleapis.com/v1beta1/projects/jozani-project/sites 
[debug] [2024-02-19T14:01:28.001Z] <<< [apiv2][status] GET https://firebasehosting.googleapis.com/v1beta1/projects/jozani-project/sites 200
[debug] [2024-02-19T14:01:28.004Z] <<< [apiv2][body] GET https://firebasehosting.googleapis.com/v1beta1/projects/jozani-project/sites {"sites":[{"name":"projects/jozani-project/sites/jozani-project","defaultUrl":"https://jozani-project.web.app","type":"DEFAULT_SITE"}]}
[debug] [2024-02-19T14:01:28.005Z] >>> [apiv2][query] GET https://firebase.googleapis.com/v1beta1/projects/jozani-project/webApps/-/config [none]
[debug] [2024-02-19T14:01:28.915Z] <<< [apiv2][status] GET https://firebase.googleapis.com/v1beta1/projects/jozani-project/webApps/-/config 200
[debug] [2024-02-19T14:01:28.916Z] <<< [apiv2][body] GET https://firebase.googleapis.com/v1beta1/projects/jozani-project/webApps/-/config {"projectId":"jozani-project","appId":"1:349358848836:web:06def818cbc7884f0f3511","storageBucket":"jozani-project.appspot.com","apiKey":"AIzaSyCzkutGKAd3IH7BDaSUqofeQ0Qtysrgs_4","authDomain":"jozani-project.firebaseapp.com","messagingSenderId":"349358848836","measurementId":"G-TCVPKXYQ8J"}
[debug] [2024-02-19T14:01:59.229Z] Error: Export encountered errors on following paths:
	/challenge/[slug]
    at exportAppImpl (/Users/rishat/Documents/dev/tatarlab/jozani/node_modules/next/dist/export/index.js:657:15)
    at process.processTicksAndRejections (node:internal/process/task_queues:95:5)
    at async /Users/rishat/Documents/dev/tatarlab/jozani/node_modules/next/dist/export/index.js:673:16
    at async Span.traceAsyncFn (/Users/rishat/Documents/dev/tatarlab/jozani/node_modules/next/dist/trace/trace.js:105:20)
    at async /Users/rishat/Documents/dev/tatarlab/jozani/node_modules/next/dist/build/index.js:1362:42
    at async Span.traceAsyncFn (/Users/rishat/Documents/dev/tatarlab/jozani/node_modules/next/dist/trace/trace.js:105:20)
    at async /Users/rishat/Documents/dev/tatarlab/jozani/node_modules/next/dist/build/index.js:1212:17
    at async Span.traceAsyncFn (/Users/rishat/Documents/dev/tatarlab/jozani/node_modules/next/dist/trace/trace.js:105:20)
    at async build (/Users/rishat/Documents/dev/tatarlab/jozani/node_modules/next/dist/build/index.js:185:29)
    at async build (/Users/rishat/.nvm/versions/node/v18.19.0/lib/node_modules/firebase-tools/lib/frameworks/next/index.js:56:5)
[error] 
[error] Error: An unexpected error has occurred.
